2022-05-11 18:37:11,099 [INFO] sqlalchemy.engine.Engine: BEGIN (implicit)
2022-05-11 18:37:11,104 [INFO] sqlalchemy.engine.Engine: SELECT users.is_active AS users_is_active, users.id AS users_id, users.email AS users_email, users.password AS users_password, users.balance AS users_balance, users.about AS users_about, users.authenticated AS users_authenticated, users.registered_on AS users_registered_on, users.is_admin AS users_is_admin 
FROM users 
WHERE users.id = ?
2022-05-11 18:37:11,107 [INFO] sqlalchemy.engine.Engine: [generated in 0.00335s] (1,)
2022-05-11 18:37:11,215 [INFO] sqlalchemy.engine.Engine: ROLLBACK
2022-05-11 18:37:14,234 [INFO] sqlalchemy.engine.Engine: BEGIN (implicit)
2022-05-11 18:37:14,243 [INFO] sqlalchemy.engine.Engine: SELECT users.is_active AS users_is_active, users.id AS users_id, users.email AS users_email, users.password AS users_password, users.balance AS users_balance, users.about AS users_about, users.authenticated AS users_authenticated, users.registered_on AS users_registered_on, users.is_admin AS users_is_admin 
FROM users 
WHERE users.id = ?
2022-05-11 18:37:14,247 [INFO] sqlalchemy.engine.Engine: [cached since 3.143s ago] (1,)
2022-05-11 18:37:14,277 [INFO] sqlalchemy.engine.Engine: ROLLBACK
2022-05-11 18:37:26,956 [INFO] sqlalchemy.engine.Engine: BEGIN (implicit)
2022-05-11 18:37:26,965 [INFO] sqlalchemy.engine.Engine: SELECT users.is_active AS users_is_active, users.id AS users_id, users.email AS users_email, users.password AS users_password, users.balance AS users_balance, users.about AS users_about, users.authenticated AS users_authenticated, users.registered_on AS users_registered_on, users.is_admin AS users_is_admin 
FROM users 
WHERE users.id = ?
2022-05-11 18:37:26,972 [INFO] sqlalchemy.engine.Engine: [cached since 15.87s ago] (1,)
2022-05-11 18:37:27,006 [INFO] sqlalchemy.engine.Engine: SELECT users.is_active AS users_is_active, users.id AS users_id, users.email AS users_email, users.password AS users_password, users.balance AS users_balance, users.about AS users_about, users.authenticated AS users_authenticated, users.registered_on AS users_registered_on, users.is_admin AS users_is_admin 
FROM users 
WHERE users.email = ?
 LIMIT ? OFFSET ?
2022-05-11 18:37:27,009 [INFO] sqlalchemy.engine.Engine: [generated in 0.00273s] ('col@gm.com', 1, 0)
2022-05-11 18:37:27,111 [INFO] sqlalchemy.engine.Engine: INSERT INTO users (email, password, balance, about, authenticated, registered_on) VALUES (?, ?, ?, ?, ?, ?)
2022-05-11 18:37:27,126 [INFO] sqlalchemy.engine.Engine: [generated in 0.01560s] ('col@gm.com', 'pbkdf2:sha256:260000$HZDbnJbChgjJ2Jiz$3877093265b3fe395f841a394491180de59f8fd3821c992b18eaca8cb7019d3d', None, None, 0, '2022-05-11 18:37:27.102081')
2022-05-11 18:37:27,168 [INFO] sqlalchemy.engine.Engine: COMMIT
2022-05-11 18:37:27,233 [INFO] sqlalchemy.engine.Engine: BEGIN (implicit)
2022-05-11 18:37:27,234 [INFO] sqlalchemy.engine.Engine: SELECT users.is_active AS users_is_active, users.id AS users_id, users.email AS users_email, users.password AS users_password, users.balance AS users_balance, users.about AS users_about, users.authenticated AS users_authenticated, users.registered_on AS users_registered_on, users.is_admin AS users_is_admin 
FROM users 
WHERE users.id = ?
2022-05-11 18:37:27,286 [INFO] sqlalchemy.engine.Engine: [generated in 0.05159s] (1,)
2022-05-11 18:37:27,304 [INFO] sqlalchemy.engine.Engine: UPDATE users SET is_admin=? WHERE users.id = ?
2022-05-11 18:37:27,309 [INFO] sqlalchemy.engine.Engine: [generated in 0.00600s] (1, 1)
2022-05-11 18:37:27,329 [INFO] sqlalchemy.engine.Engine: COMMIT
2022-05-11 18:37:27,414 [INFO] sqlalchemy.engine.Engine: BEGIN (implicit)
2022-05-11 18:37:27,418 [INFO] sqlalchemy.engine.Engine: SELECT users.is_active AS users_is_active, users.id AS users_id, users.email AS users_email, users.password AS users_password, users.balance AS users_balance, users.about AS users_about, users.authenticated AS users_authenticated, users.registered_on AS users_registered_on, users.is_admin AS users_is_admin 
FROM users 
WHERE users.id = ?
2022-05-11 18:37:27,420 [INFO] sqlalchemy.engine.Engine: [cached since 16.32s ago] (1,)
2022-05-11 18:37:27,428 [INFO] sqlalchemy.engine.Engine: ROLLBACK
2022-05-11 18:37:27,438 [INFO] sqlalchemy.engine.Engine: BEGIN (implicit)
2022-05-11 18:37:27,439 [INFO] sqlalchemy.engine.Engine: SELECT users.is_active AS users_is_active, users.id AS users_id, users.email AS users_email, users.password AS users_password, users.balance AS users_balance, users.about AS users_about, users.authenticated AS users_authenticated, users.registered_on AS users_registered_on, users.is_admin AS users_is_admin 
FROM users 
WHERE users.id = ?
2022-05-11 18:37:27,441 [INFO] sqlalchemy.engine.Engine: [cached since 16.34s ago] (1,)
2022-05-11 18:37:27,447 [INFO] sqlalchemy.engine.Engine: SELECT transactions.id AS transactions_id, transactions.amount AS transactions_amount, transactions.type AS transactions_type, transactions.user_id AS transactions_user_id 
FROM transactions
 LIMIT ? OFFSET ?
2022-05-11 18:37:27,451 [INFO] sqlalchemy.engine.Engine: [generated in 0.00426s] (1000, 0)
2022-05-11 18:37:27,468 [INFO] sqlalchemy.engine.Engine: SELECT count(*) AS count_1 
FROM (SELECT transactions.id AS transactions_id, transactions.amount AS transactions_amount, transactions.type AS transactions_type, transactions.user_id AS transactions_user_id 
FROM transactions) AS anon_1
2022-05-11 18:37:27,477 [INFO] sqlalchemy.engine.Engine: [generated in 0.00874s] ()
2022-05-11 18:37:27,539 [INFO] sqlalchemy.engine.Engine: ROLLBACK
2022-05-11 18:37:38,228 [INFO] sqlalchemy.engine.Engine: BEGIN (implicit)
2022-05-11 18:37:38,240 [INFO] sqlalchemy.engine.Engine: SELECT transactions.id AS transactions_id, transactions.amount AS transactions_amount, transactions.type AS transactions_type, transactions.user_id AS transactions_user_id 
FROM transactions
 LIMIT ? OFFSET ?
2022-05-11 18:37:38,243 [INFO] sqlalchemy.engine.Engine: [cached since 10.8s ago] (1000, 0)
2022-05-11 18:37:38,270 [INFO] sqlalchemy.engine.Engine: SELECT count(*) AS count_1 
FROM (SELECT transactions.id AS transactions_id, transactions.amount AS transactions_amount, transactions.type AS transactions_type, transactions.user_id AS transactions_user_id 
FROM transactions) AS anon_1
2022-05-11 18:37:38,278 [INFO] sqlalchemy.engine.Engine: [cached since 10.81s ago] ()
2022-05-11 18:37:38,291 [INFO] sqlalchemy.engine.Engine: SELECT users.is_active AS users_is_active, users.id AS users_id, users.email AS users_email, users.password AS users_password, users.balance AS users_balance, users.about AS users_about, users.authenticated AS users_authenticated, users.registered_on AS users_registered_on, users.is_admin AS users_is_admin 
FROM users 
WHERE users.id = ?
2022-05-11 18:37:38,303 [INFO] sqlalchemy.engine.Engine: [cached since 27.2s ago] (1,)
2022-05-11 18:37:38,353 [INFO] sqlalchemy.engine.Engine: ROLLBACK
2022-05-11 18:37:41,561 [INFO] sqlalchemy.engine.Engine: BEGIN (implicit)
2022-05-11 18:37:41,567 [INFO] sqlalchemy.engine.Engine: SELECT users.is_active AS users_is_active, users.id AS users_id, users.email AS users_email, users.password AS users_password, users.balance AS users_balance, users.about AS users_about, users.authenticated AS users_authenticated, users.registered_on AS users_registered_on, users.is_admin AS users_is_admin 
FROM users 
WHERE users.id = ?
2022-05-11 18:37:41,575 [INFO] sqlalchemy.engine.Engine: [cached since 30.48s ago] (1,)
2022-05-11 18:37:41,612 [INFO] sqlalchemy.engine.Engine: ROLLBACK
2022-05-11 18:37:54,686 [INFO] sqlalchemy.engine.Engine: BEGIN (implicit)
2022-05-11 18:37:54,697 [INFO] sqlalchemy.engine.Engine: SELECT users.is_active AS users_is_active, users.id AS users_id, users.email AS users_email, users.password AS users_password, users.balance AS users_balance, users.about AS users_about, users.authenticated AS users_authenticated, users.registered_on AS users_registered_on, users.is_admin AS users_is_admin 
FROM users 
WHERE users.id = ?
2022-05-11 18:37:54,705 [INFO] sqlalchemy.engine.Engine: [cached since 43.6s ago] (1,)
2022-05-11 18:39:00,897 [INFO] sqlalchemy.engine.Engine: BEGIN (implicit)
2022-05-11 18:39:00,933 [INFO] sqlalchemy.engine.Engine: SELECT users.is_active AS users_is_active, users.id AS users_id, users.email AS users_email, users.password AS users_password, users.balance AS users_balance, users.about AS users_about, users.authenticated AS users_authenticated, users.registered_on AS users_registered_on, users.is_admin AS users_is_admin 
FROM users 
WHERE users.id = ?
2022-05-11 18:39:00,949 [INFO] sqlalchemy.engine.Engine: [cached since 109.8s ago] (1,)
2022-05-11 18:39:08,119 [INFO] sqlalchemy.engine.Engine: BEGIN (implicit)
2022-05-11 18:39:08,123 [INFO] sqlalchemy.engine.Engine: SELECT users.is_active AS users_is_active, users.id AS users_id, users.email AS users_email, users.password AS users_password, users.balance AS users_balance, users.about AS users_about, users.authenticated AS users_authenticated, users.registered_on AS users_registered_on, users.is_admin AS users_is_admin 
FROM users 
WHERE users.id = ?
2022-05-11 18:39:08,130 [INFO] sqlalchemy.engine.Engine: [cached since 117s ago] (1,)
2022-05-11 18:39:18,954 [INFO] sqlalchemy.engine.Engine: BEGIN (implicit)
2022-05-11 18:39:18,963 [INFO] sqlalchemy.engine.Engine: SELECT users.is_active AS users_is_active, users.id AS users_id, users.email AS users_email, users.password AS users_password, users.balance AS users_balance, users.about AS users_about, users.authenticated AS users_authenticated, users.registered_on AS users_registered_on, users.is_admin AS users_is_admin 
FROM users 
WHERE users.id = ?
2022-05-11 18:39:18,967 [INFO] sqlalchemy.engine.Engine: [generated in 0.00448s] (1,)
2022-05-11 18:39:18,991 [INFO] sqlalchemy.engine.Engine: SELECT transactions.id AS transactions_id, transactions.amount AS transactions_amount, transactions.type AS transactions_type, transactions.user_id AS transactions_user_id 
FROM transactions 
WHERE ? = transactions.user_id
2022-05-11 18:39:18,993 [INFO] sqlalchemy.engine.Engine: [generated in 0.00242s] (1,)
2022-05-11 18:39:18,999 [INFO] sqlalchemy.engine.Engine: UPDATE users SET balance=? WHERE users.id = ?
2022-05-11 18:39:19,001 [INFO] sqlalchemy.engine.Engine: [generated in 0.00134s] (10601, 1)
2022-05-11 18:39:19,049 [INFO] sqlalchemy.engine.Engine: INSERT INTO transactions (amount, type, user_id) VALUES (?, ?, ?)
2022-05-11 18:39:19,051 [INFO] sqlalchemy.engine.Engine: [generated in 0.00187s] ('2000', 'CREDIT', 1)
2022-05-11 18:39:19,057 [INFO] sqlalchemy.engine.Engine: INSERT INTO transactions (amount, type, user_id) VALUES (?, ?, ?)
2022-05-11 18:39:19,059 [INFO] sqlalchemy.engine.Engine: [cached since 0.01015s ago] ('2000', 'CREDIT', 1)
2022-05-11 18:39:19,064 [INFO] sqlalchemy.engine.Engine: INSERT INTO transactions (amount, type, user_id) VALUES (?, ?, ?)
2022-05-11 18:39:19,067 [INFO] sqlalchemy.engine.Engine: [cached since 0.01864s ago] ('-100', 'DEBIT', 1)
2022-05-11 18:39:19,069 [INFO] sqlalchemy.engine.Engine: INSERT INTO transactions (amount, type, user_id) VALUES (?, ?, ?)
2022-05-11 18:39:19,071 [INFO] sqlalchemy.engine.Engine: [cached since 0.0227s ago] ('200', 'CREDIT', 1)
2022-05-11 18:39:19,075 [INFO] sqlalchemy.engine.Engine: INSERT INTO transactions (amount, type, user_id) VALUES (?, ?, ?)
2022-05-11 18:39:19,076 [INFO] sqlalchemy.engine.Engine: [cached since 0.02749s ago] ('200', 'CREDIT', 1)
2022-05-11 18:39:19,079 [INFO] sqlalchemy.engine.Engine: INSERT INTO transactions (amount, type, user_id) VALUES (?, ?, ?)
2022-05-11 18:39:19,081 [INFO] sqlalchemy.engine.Engine: [cached since 0.03177s ago] ('200', 'CREDIT', 1)
2022-05-11 18:39:19,082 [INFO] sqlalchemy.engine.Engine: INSERT INTO transactions (amount, type, user_id) VALUES (?, ?, ?)
2022-05-11 18:39:19,084 [INFO] sqlalchemy.engine.Engine: [cached since 0.03533s ago] ('-1000', 'DEBIT', 1)
2022-05-11 18:39:19,086 [INFO] sqlalchemy.engine.Engine: INSERT INTO transactions (amount, type, user_id) VALUES (?, ?, ?)
2022-05-11 18:39:19,088 [INFO] sqlalchemy.engine.Engine: [cached since 0.03945s ago] ('200', 'CREDIT', 1)
2022-05-11 18:39:19,090 [INFO] sqlalchemy.engine.Engine: INSERT INTO transactions (amount, type, user_id) VALUES (?, ?, ?)
2022-05-11 18:39:19,094 [INFO] sqlalchemy.engine.Engine: [cached since 0.04526s ago] ('1000', 'CREDIT', 1)
2022-05-11 18:39:19,096 [INFO] sqlalchemy.engine.Engine: INSERT INTO transactions (amount, type, user_id) VALUES (?, ?, ?)
2022-05-11 18:39:19,097 [INFO] sqlalchemy.engine.Engine: [cached since 0.04854s ago] ('-100', 'DEBIT', 1)
2022-05-11 18:39:19,100 [INFO] sqlalchemy.engine.Engine: INSERT INTO transactions (amount, type, user_id) VALUES (?, ?, ?)
2022-05-11 18:39:19,101 [INFO] sqlalchemy.engine.Engine: [cached since 0.05272s ago] ('100', 'CREDIT', 1)
2022-05-11 18:39:19,103 [INFO] sqlalchemy.engine.Engine: INSERT INTO transactions (amount, type, user_id) VALUES (?, ?, ?)
2022-05-11 18:39:19,104 [INFO] sqlalchemy.engine.Engine: [cached since 0.0549s ago] ('1000', 'CREDIT', 1)
2022-05-11 18:39:19,105 [INFO] sqlalchemy.engine.Engine: INSERT INTO transactions (amount, type, user_id) VALUES (?, ?, ?)
2022-05-11 18:39:19,107 [INFO] sqlalchemy.engine.Engine: [cached since 0.05839s ago] ('1000', 'CREDIT', 1)
2022-05-11 18:39:19,109 [INFO] sqlalchemy.engine.Engine: INSERT INTO transactions (amount, type, user_id) VALUES (?, ?, ?)
2022-05-11 18:39:19,112 [INFO] sqlalchemy.engine.Engine: [cached since 0.06277s ago] ('-100', 'DEBIT', 1)
2022-05-11 18:39:19,114 [INFO] sqlalchemy.engine.Engine: INSERT INTO transactions (amount, type, user_id) VALUES (?, ?, ?)
2022-05-11 18:39:19,115 [INFO] sqlalchemy.engine.Engine: [cached since 0.06661s ago] ('1000', 'CREDIT', 1)
2022-05-11 18:39:19,117 [INFO] sqlalchemy.engine.Engine: INSERT INTO transactions (amount, type, user_id) VALUES (?, ?, ?)
2022-05-11 18:39:19,118 [INFO] sqlalchemy.engine.Engine: [cached since 0.06893s ago] ('100', 'CREDIT', 1)
2022-05-11 18:39:19,119 [INFO] sqlalchemy.engine.Engine: INSERT INTO transactions (amount, type, user_id) VALUES (?, ?, ?)
2022-05-11 18:39:19,120 [INFO] sqlalchemy.engine.Engine: [cached since 0.07162s ago] ('-100', 'DEBIT', 1)
2022-05-11 18:39:19,122 [INFO] sqlalchemy.engine.Engine: INSERT INTO transactions (amount, type, user_id) VALUES (?, ?, ?)
2022-05-11 18:39:19,124 [INFO] sqlalchemy.engine.Engine: [cached since 0.07574s ago] ('100', 'CREDIT', 1)
2022-05-11 18:39:19,126 [INFO] sqlalchemy.engine.Engine: INSERT INTO transactions (amount, type, user_id) VALUES (?, ?, ?)
2022-05-11 18:39:19,127 [INFO] sqlalchemy.engine.Engine: [cached since 0.07874s ago] ('100', 'CREDIT', 1)
2022-05-11 18:39:19,130 [INFO] sqlalchemy.engine.Engine: INSERT INTO transactions (amount, type, user_id) VALUES (?, ?, ?)
2022-05-11 18:39:19,131 [INFO] sqlalchemy.engine.Engine: [cached since 0.08215s ago] ('100', 'CREDIT', 1)
2022-05-11 18:39:19,132 [INFO] sqlalchemy.engine.Engine: INSERT INTO transactions (amount, type, user_id) VALUES (?, ?, ?)
2022-05-11 18:39:19,133 [INFO] sqlalchemy.engine.Engine: [cached since 0.08472s ago] ('-100', 'DEBIT', 1)
2022-05-11 18:39:19,135 [INFO] sqlalchemy.engine.Engine: INSERT INTO transactions (amount, type, user_id) VALUES (?, ?, ?)
2022-05-11 18:39:19,136 [INFO] sqlalchemy.engine.Engine: [cached since 0.0873s ago] ('100', 'CREDIT', 1)
2022-05-11 18:39:19,137 [INFO] sqlalchemy.engine.Engine: INSERT INTO transactions (amount, type, user_id) VALUES (?, ?, ?)
2022-05-11 18:39:19,139 [INFO] sqlalchemy.engine.Engine: [cached since 0.09005s ago] ('4242', 'CREDIT', 1)
2022-05-11 18:39:19,140 [INFO] sqlalchemy.engine.Engine: INSERT INTO transactions (amount, type, user_id) VALUES (?, ?, ?)
2022-05-11 18:39:19,142 [INFO] sqlalchemy.engine.Engine: [cached since 0.09308s ago] ('-2324', 'DEBIT', 1)
2022-05-11 18:39:19,144 [INFO] sqlalchemy.engine.Engine: INSERT INTO transactions (amount, type, user_id) VALUES (?, ?, ?)
2022-05-11 18:39:19,146 [INFO] sqlalchemy.engine.Engine: [cached since 0.09755s ago] ('4242', 'CREDIT', 1)
2022-05-11 18:39:19,149 [INFO] sqlalchemy.engine.Engine: INSERT INTO transactions (amount, type, user_id) VALUES (?, ?, ?)
2022-05-11 18:39:19,153 [INFO] sqlalchemy.engine.Engine: [cached since 0.1047s ago] ('432', 'CREDIT', 1)
2022-05-11 18:39:19,157 [INFO] sqlalchemy.engine.Engine: INSERT INTO transactions (amount, type, user_id) VALUES (?, ?, ?)
2022-05-11 18:39:19,162 [INFO] sqlalchemy.engine.Engine: [cached since 0.1134s ago] ('432', 'CREDIT', 1)
2022-05-11 18:39:19,164 [INFO] sqlalchemy.engine.Engine: INSERT INTO transactions (amount, type, user_id) VALUES (?, ?, ?)
2022-05-11 18:39:19,166 [INFO] sqlalchemy.engine.Engine: [cached since 0.1176s ago] ('-4323', 'DEBIT', 1)
2022-05-11 18:39:19,169 [INFO] sqlalchemy.engine.Engine: COMMIT
2022-05-11 18:39:19,279 [INFO] sqlalchemy.engine.Engine: BEGIN (implicit)
2022-05-11 18:39:19,282 [INFO] sqlalchemy.engine.Engine: SELECT transactions.id AS transactions_id, transactions.amount AS transactions_amount, transactions.type AS transactions_type, transactions.user_id AS transactions_user_id 
FROM transactions
 LIMIT ? OFFSET ?
2022-05-11 18:39:19,283 [INFO] sqlalchemy.engine.Engine: [generated in 0.00159s] (1000, 0)
2022-05-11 18:39:19,297 [INFO] sqlalchemy.engine.Engine: SELECT count(*) AS count_1 
FROM (SELECT transactions.id AS transactions_id, transactions.amount AS transactions_amount, transactions.type AS transactions_type, transactions.user_id AS transactions_user_id 
FROM transactions) AS anon_1
2022-05-11 18:39:19,298 [INFO] sqlalchemy.engine.Engine: [generated in 0.00154s] ()
2022-05-11 18:39:19,312 [INFO] sqlalchemy.engine.Engine: SELECT users.is_active AS users_is_active, users.id AS users_id, users.email AS users_email, users.password AS users_password, users.balance AS users_balance, users.about AS users_about, users.authenticated AS users_authenticated, users.registered_on AS users_registered_on, users.is_admin AS users_is_admin 
FROM users 
WHERE users.id = ?
2022-05-11 18:39:19,315 [INFO] sqlalchemy.engine.Engine: [cached since 0.3522s ago] (1,)
2022-05-11 18:39:19,487 [INFO] sqlalchemy.engine.Engine: ROLLBACK
2022-05-11 18:39:58,862 [INFO] sqlalchemy.engine.Engine: BEGIN (implicit)
2022-05-11 18:39:58,886 [INFO] sqlalchemy.engine.Engine: SELECT users.is_active AS users_is_active, users.id AS users_id, users.email AS users_email, users.password AS users_password, users.balance AS users_balance, users.about AS users_about, users.authenticated AS users_authenticated, users.registered_on AS users_registered_on, users.is_admin AS users_is_admin 
FROM users 
WHERE users.id = ?
2022-05-11 18:39:58,889 [INFO] sqlalchemy.engine.Engine: [cached since 39.91s ago] (1,)
2022-05-11 18:39:58,934 [INFO] sqlalchemy.engine.Engine: SELECT transactions.id AS transactions_id, transactions.amount AS transactions_amount, transactions.type AS transactions_type, transactions.user_id AS transactions_user_id 
FROM transactions
 LIMIT ? OFFSET ?
2022-05-11 18:39:58,946 [INFO] sqlalchemy.engine.Engine: [cached since 39.65s ago] (1000, 0)
2022-05-11 18:39:58,958 [INFO] sqlalchemy.engine.Engine: SELECT count(*) AS count_1 
FROM (SELECT transactions.id AS transactions_id, transactions.amount AS transactions_amount, transactions.type AS transactions_type, transactions.user_id AS transactions_user_id 
FROM transactions) AS anon_1
2022-05-11 18:39:58,961 [INFO] sqlalchemy.engine.Engine: [cached since 39.65s ago] ()
2022-05-11 18:39:59,017 [INFO] sqlalchemy.engine.Engine: ROLLBACK
2022-05-11 18:41:22,465 [INFO] sqlalchemy.engine.Engine: BEGIN (implicit)
2022-05-11 18:41:22,500 [INFO] sqlalchemy.engine.Engine: SELECT users.is_active AS users_is_active, users.id AS users_id, users.email AS users_email, users.password AS users_password, users.balance AS users_balance, users.about AS users_about, users.authenticated AS users_authenticated, users.registered_on AS users_registered_on, users.is_admin AS users_is_admin 
FROM users 
WHERE users.id = ?
2022-05-11 18:41:22,510 [INFO] sqlalchemy.engine.Engine: [cached since 123.5s ago] (1,)
2022-05-11 18:41:22,559 [INFO] sqlalchemy.engine.Engine: SELECT transactions.id AS transactions_id, transactions.amount AS transactions_amount, transactions.type AS transactions_type, transactions.user_id AS transactions_user_id 
FROM transactions
 LIMIT ? OFFSET ?
2022-05-11 18:41:22,568 [INFO] sqlalchemy.engine.Engine: [cached since 123.3s ago] (1000, 0)
2022-05-11 18:41:22,587 [INFO] sqlalchemy.engine.Engine: SELECT count(*) AS count_1 
FROM (SELECT transactions.id AS transactions_id, transactions.amount AS transactions_amount, transactions.type AS transactions_type, transactions.user_id AS transactions_user_id 
FROM transactions) AS anon_1
2022-05-11 18:41:22,591 [INFO] sqlalchemy.engine.Engine: [cached since 123.3s ago] ()
2022-05-11 18:41:22,656 [INFO] sqlalchemy.engine.Engine: ROLLBACK
